<?xml version="1.0" encoding="UTF-8"?>
<!-- Generated by org.testng.reporters.JUnitReportReporter -->
<testsuite hostname="LAPTOP-C7726FE2" failures="0" tests="1" name="Testscript.Loginintozomato" time="3.516" errors="0" timestamp="2023-05-21T23:01:26 IST" skipped="0">
  <testcase classname="Testscript.Loginintozomato" name="Loginpage" time="3.516"/>
  <system-out/>
</testsuite> <!-- Testscript.Loginintozomato -->
