<?xml version="1.0" encoding="UTF-8"?>
<!-- Generated by org.testng.reporters.JUnitReportReporter -->
<testsuite hostname="LAPTOP-C7726FE2" failures="0" tests="1" name="Testscript.Logging" time="121.408" errors="0" timestamp="2023-05-04T12:39:55 IST" skipped="0">
  <testcase classname="Testscript.Logging" name="LOGGIN" time="121.408"/>
  <system-out/>
</testsuite> <!-- Testscript.Logging -->
