<?xml version="1.0" encoding="UTF-8"?>
<!-- Generated by org.testng.reporters.JUnitReportReporter -->
<testsuite hostname="LAPTOP-C7726FE2" failures="0" tests="1" name="Testscript.SearchHotel" time="16.653" errors="0" timestamp="2023-05-21T23:01:26 IST" skipped="0">
  <testcase classname="Testscript.SearchHotel" name="Restorentsearch" time="16.653"/>
  <system-out/>
</testsuite> <!-- Testscript.SearchHotel -->
